# JRE version: OpenJDK Runtime Environment Temurin-17.0.7+7 (17.0.7+7) (build 17.0.7+7)
# Java VM: OpenJDK 64-Bit Server VM Temurin-17.0.7+7 (17.0.7+7, mixed mode, tiered, compressed oops, compressed class ptrs, g1 gc, windows-amd64)
GC Precious Log:
 CPUs: 4 total, 4 available
 Memory: 8075M
 Large Page Support: Disabled
 NUMA Support: Disabled
 Compressed Oops: Enabled (32-bit)
 Heap Region Size: 1M
 Heap Min Capacity: 8M
 Heap Initial Capacity: 128M
 Heap Max Capacity: 2020M
 Pre-touch: Disabled
 Parallel Workers: 4
 Concurrent Workers: 1
 Concurrent Refinement Workers: 4
 Periodic GC: Disabled
Heap:
 garbage-first heap   total 202752K, used 87006K [0x0000000081c00000, 0x0000000100000000)
  region size 1024K, 3 young (3072K), 1 survivors (1024K)
 Metaspace       used 41134K, committed 41408K, reserved 1114112K
  class space    used 4929K, committed 5056K, reserved 1048576K
GC Heap History (20 events):
Event: 579.060 GC heap before
{Heap before GC invocations=354 (full 0):
 garbage-first heap   total 202752K, used 91100K [0x0000000081c00000, 0x0000000100000000)
  region size 1024K, 3 young (3072K), 1 survivors (1024K)
 Metaspace       used 41134K, committed 41408K, reserved 1114112K
  class space    used 4929K, committed 5056K, reserved 1048576K
}
Event: 579.060 GC heap after
{Heap after GC invocations=355 (full 0):
 garbage-first heap   total 202752K, used 73680K [0x0000000081c00000, 0x0000000100000000)
  region size 1024K, 1 young (1024K), 1 survivors (1024K)
 Metaspace       used 41134K, committed 41408K, reserved 1114112K
  class space    used 4929K, committed 5056K, reserved 1048576K
}
Event: 579.299 GC heap before
{Heap before GC invocations=355 (full 0):
 garbage-first heap   total 202752K, used 91088K [0x0000000081c00000, 0x0000000100000000)
  region size 1024K, 3 young (3072K), 1 survivors (1024K)
 Metaspace       used 41134K, committed 41408K, reserved 1114112K
  class space    used 4929K, committed 5056K, reserved 1048576K
}
Event: 579.300 GC heap after
{Heap after GC invocations=356 (full 0):
 garbage-first heap   total 202752K, used 73673K [0x0000000081c00000, 0x0000000100000000)
  region size 1024K, 1 young (1024K), 1 survivors (1024K)
 Metaspace       used 41134K, committed 41408K, reserved 1114112K
  class space    used 4929K, committed 5056K, reserved 1048576K
}
Event: 579.541 GC heap before
{Heap before GC invocations=357 (full 0):
 garbage-first heap   total 202752K, used 91081K [0x0000000081c00000, 0x0000000100000000)
  region size 1024K, 3 young (3072K), 1 survivors (1024K)
 Metaspace       used 41134K, committed 41408K, reserved 1114112K
  class space    used 4929K, committed 5056K, reserved 1048576K
}
Event: 579.542 GC heap after
{Heap after GC invocations=358 (full 0):
 garbage-first heap   total 202752K, used 73672K [0x0000000081c00000, 0x0000000100000000)
  region size 1024K, 1 young (1024K), 1 survivors (1024K)
 Metaspace       used 41134K, committed 41408K, reserved 1114112K
  class space    used 4929K, committed 5056K, reserved 1048576K
}
Event: 579.785 GC heap before
{Heap before GC invocations=358 (full 0):
 garbage-first heap   total 202752K, used 91080K [0x0000000081c00000, 0x0000000100000000)
  region size 1024K, 3 young (3072K), 1 survivors (1024K)
 Metaspace       used 41134K, committed 41408K, reserved 1114112K
  class space    used 4929K, committed 5056K, reserved 1048576K
}
Event: 579.786 GC heap after
{Heap after GC invocations=359 (full 0):
 garbage-first heap   total 202752K, used 73691K [0x0000000081c00000, 0x0000000100000000)
  region size 1024K, 1 young (1024K), 1 survivors (1024K)
 Metaspace       used 41134K, committed 41408K, reserved 1114112K
  class space    used 4929K, committed 5056K, reserved 1048576K
}
Event: 580.017 GC heap before
{Heap before GC invocations=359 (full 0):
 garbage-first heap   total 202752K, used 91099K [0x0000000081c00000, 0x0000000100000000)
  region size 1024K, 3 young (3072K), 1 survivors (1024K)
 Metaspace       used 41134K, committed 41408K, reserved 1114112K
  class space    used 4929K, committed 5056K, reserved 1048576K
}
Event: 580.018 GC heap after
{Heap after GC invocations=360 (full 0):
 garbage-first heap   total 202752K, used 73703K [0x0000000081c00000, 0x0000000100000000)
  region size 1024K, 1 young (1024K), 1 survivors (1024K)
 Metaspace       used 41134K, committed 41408K, reserved 1114112K
  class space    used 4929K, committed 5056K, reserved 1048576K
}
Event: 580.270 GC heap before
{Heap before GC invocations=361 (full 0):
 garbage-first heap   total 202752K, used 91111K [0x0000000081c00000, 0x0000000100000000)
  region size 1024K, 3 young (3072K), 1 survivors (1024K)
 Metaspace       used 41134K, committed 41408K, reserved 1114112K
  class space    used 4929K, committed 5056K, reserved 1048576K
}
Event: 580.271 GC heap after
{Heap after GC invocations=362 (full 0):
 garbage-first heap   total 202752K, used 73698K [0x0000000081c00000, 0x0000000100000000)
  region size 1024K, 1 young (1024K), 1 survivors (1024K)
 Metaspace       used 41134K, committed 41408K, reserved 1114112K
  class space    used 4929K, committed 5056K, reserved 1048576K
}
Event: 580.496 GC heap before
{Heap before GC invocations=362 (full 0):
 garbage-first heap   total 202752K, used 91106K [0x0000000081c00000, 0x0000000100000000)
  region size 1024K, 3 young (3072K), 1 survivors (1024K)
 Metaspace       used 41134K, committed 41408K, reserved 1114112K
  class space    used 4929K, committed 5056K, reserved 1048576K
}
Event: 580.497 GC heap after
{Heap after GC invocations=363 (full 0):
 garbage-first heap   total 202752K, used 73707K [0x0000000081c00000, 0x0000000100000000)
  region size 1024K, 1 young (1024K), 1 survivors (1024K)
 Metaspace       used 41134K, committed 41408K, reserved 1114112K
  class space    used 4929K, committed 5056K, reserved 1048576K
}
Event: 580.749 GC heap before
{Heap before GC invocations=364 (full 0):
 garbage-first heap   total 202752K, used 91115K [0x0000000081c00000, 0x0000000100000000)
  region size 1024K, 3 young (3072K), 1 survivors (1024K)
 Metaspace       used 41134K, committed 41408K, reserved 1114112K
  class space    used 4929K, committed 5056K, reserved 1048576K
}
Event: 580.750 GC heap after
{Heap after GC invocations=365 (full 0):
 garbage-first heap   total 202752K, used 73708K [0x0000000081c00000, 0x0000000100000000)
  region size 1024K, 1 young (1024K), 1 survivors (1024K)
 Metaspace       used 41134K, committed 41408K, reserved 1114112K
  class space    used 4929K, committed 5056K, reserved 1048576K
}
Event: 580.986 GC heap before
{Heap before GC invocations=365 (full 0):
 garbage-first heap   total 202752K, used 91116K [0x0000000081c00000, 0x0000000100000000)
  region size 1024K, 3 young (3072K), 1 survivors (1024K)
 Metaspace       used 41134K, committed 41408K, reserved 1114112K
  class space    used 4929K, committed 5056K, reserved 1048576K
}
Event: 580.986 GC heap after
{Heap after GC invocations=366 (full 0):
 garbage-first heap   total 202752K, used 73697K [0x0000000081c00000, 0x0000000100000000)
  region size 1024K, 1 young (1024K), 1 survivors (1024K)
 Metaspace       used 41134K, committed 41408K, reserved 1114112K
  class space    used 4929K, committed 5056K, reserved 1048576K
}
Event: 581.217 GC heap before
{Heap before GC invocations=366 (full 0):
 garbage-first heap   total 202752K, used 91105K [0x0000000081c00000, 0x0000000100000000)
  region size 1024K, 3 young (3072K), 1 survivors (1024K)
 Metaspace       used 41134K, committed 41408K, reserved 1114112K
  class space    used 4929K, committed 5056K, reserved 1048576K
}
Event: 581.218 GC heap after
{Heap after GC invocations=367 (full 0):
 garbage-first heap   total 202752K, used 73695K [0x0000000081c00000, 0x0000000100000000)
  region size 1024K, 1 young (1024K), 1 survivors (1024K)
 Metaspace       used 41134K, committed 41408K, reserved 1114112K
  class space    used 4929K, committed 5056K, reserved 1048576K
}

