# JRE version: OpenJDK Runtime Environment Temurin-20.0.2+9 (20.0.2+9) (build 20.0.2+9)
# Java VM: OpenJDK 64-Bit Server VM Temurin-20.0.2+9 (20.0.2+9, mixed mode, tiered, compressed oops, compressed class ptrs, g1 gc, windows-amd64)
GC Precious Log:
 CardTable entry size: 512
 Card Set container configuration: InlinePtr #cards 4 size 8 Array Of Cards #cards 16 size 48 Howl #buckets 8 coarsen threshold 3686 Howl Bitmap #cards 512 size 80 coarsen threshold 460 Card regions per heap region 1 cards per card region 4096
 CPUs: 16 total, 16 available
 Memory: 15724M
 Large Page Support: Disabled
 NUMA Support: Disabled
 Compressed Oops: Enabled (Zero based)
 Heap Region Size: 2M
 Heap Min Capacity: 8M
 Heap Initial Capacity: 246M
 Heap Max Capacity: 3932M
 Pre-touch: Disabled
 Parallel Workers: 13
 Concurrent Workers: 3
 Concurrent Refinement Workers: 13
 Periodic GC: Disabled
Heap:
 garbage-first heap   total 335872K, used 135676K [0x000000070a400000, 0x0000000800000000)
  region size 2048K, 7 young (14336K), 1 survivors (2048K)
 Metaspace       used 48973K, committed 49408K, reserved 1114112K
  class space    used 5359K, committed 5568K, reserved 1048576K
GC Heap History (20 events):
Event: 144.993 GC heap before
{Heap before GC invocations=553 (full 0):
 garbage-first heap   total 389120K, used 107145K [0x000000070a400000, 0x0000000800000000)
  region size 2048K, 5 young (10240K), 1 survivors (2048K)
 Metaspace       used 47131K, committed 47616K, reserved 1114112K
  class space    used 5269K, committed 5504K, reserved 1048576K
}
Event: 144.993 GC heap after
{Heap after GC invocations=554 (full 0):
 garbage-first heap   total 389120K, used 88677K [0x000000070a400000, 0x0000000800000000)
  region size 2048K, 1 young (2048K), 1 survivors (2048K)
 Metaspace       used 47131K, committed 47616K, reserved 1114112K
  class space    used 5269K, committed 5504K, reserved 1048576K
}
Event: 145.096 GC heap before
{Heap before GC invocations=554 (full 0):
 garbage-first heap   total 389120K, used 103013K [0x000000070a400000, 0x0000000800000000)
  region size 2048K, 4 young (8192K), 1 survivors (2048K)
 Metaspace       used 47131K, committed 47616K, reserved 1114112K
  class space    used 5269K, committed 5504K, reserved 1048576K
}
Event: 145.096 GC heap after
{Heap after GC invocations=555 (full 0):
 garbage-first heap   total 389120K, used 86633K [0x000000070a400000, 0x0000000800000000)
  region size 2048K, 1 young (2048K), 1 survivors (2048K)
 Metaspace       used 47131K, committed 47616K, reserved 1114112K
  class space    used 5269K, committed 5504K, reserved 1048576K
}
Event: 145.200 GC heap before
{Heap before GC invocations=555 (full 0):
 garbage-first heap   total 389120K, used 105065K [0x000000070a400000, 0x0000000800000000)
  region size 2048K, 5 young (10240K), 1 survivors (2048K)
 Metaspace       used 47131K, committed 47616K, reserved 1114112K
  class space    used 5269K, committed 5504K, reserved 1048576K
}
Event: 145.201 GC heap after
{Heap after GC invocations=556 (full 0):
 garbage-first heap   total 389120K, used 86635K [0x000000070a400000, 0x0000000800000000)
  region size 2048K, 1 young (2048K), 1 survivors (2048K)
 Metaspace       used 47131K, committed 47616K, reserved 1114112K
  class space    used 5269K, committed 5504K, reserved 1048576K
}
Event: 145.301 GC heap before
{Heap before GC invocations=556 (full 0):
 garbage-first heap   total 389120K, used 105067K [0x000000070a400000, 0x0000000800000000)
  region size 2048K, 4 young (8192K), 1 survivors (2048K)
 Metaspace       used 47131K, committed 47616K, reserved 1114112K
  class space    used 5269K, committed 5504K, reserved 1048576K
}
Event: 145.301 GC heap after
{Heap after GC invocations=557 (full 0):
 garbage-first heap   total 389120K, used 88663K [0x000000070a400000, 0x0000000800000000)
  region size 2048K, 1 young (2048K), 1 survivors (2048K)
 Metaspace       used 47131K, committed 47616K, reserved 1114112K
  class space    used 5269K, committed 5504K, reserved 1048576K
}
Event: 145.420 GC heap before
{Heap before GC invocations=557 (full 0):
 garbage-first heap   total 389120K, used 105047K [0x000000070a400000, 0x0000000800000000)
  region size 2048K, 5 young (10240K), 1 survivors (2048K)
 Metaspace       used 47131K, committed 47616K, reserved 1114112K
  class space    used 5269K, committed 5504K, reserved 1048576K
}
Event: 145.420 GC heap after
{Heap after GC invocations=558 (full 0):
 garbage-first heap   total 389120K, used 86680K [0x000000070a400000, 0x0000000800000000)
  region size 2048K, 1 young (2048K), 1 survivors (2048K)
 Metaspace       used 47131K, committed 47616K, reserved 1114112K
  class space    used 5269K, committed 5504K, reserved 1048576K
}
Event: 145.523 GC heap before
{Heap before GC invocations=558 (full 0):
 garbage-first heap   total 389120K, used 107160K [0x000000070a400000, 0x0000000800000000)
  region size 2048K, 6 young (12288K), 1 survivors (2048K)
 Metaspace       used 48442K, committed 48896K, reserved 1114112K
  class space    used 5273K, committed 5504K, reserved 1048576K
}
Event: 145.524 GC heap after
{Heap after GC invocations=559 (full 0):
 garbage-first heap   total 389120K, used 92832K [0x000000070a400000, 0x0000000800000000)
  region size 2048K, 1 young (2048K), 1 survivors (2048K)
 Metaspace       used 48442K, committed 48896K, reserved 1114112K
  class space    used 5273K, committed 5504K, reserved 1048576K
}
Event: 145.561 GC heap before
{Heap before GC invocations=559 (full 0):
 garbage-first heap   total 389120K, used 96928K [0x000000070a400000, 0x0000000800000000)
  region size 2048K, 3 young (6144K), 1 survivors (2048K)
 Metaspace       used 48443K, committed 48896K, reserved 1114112K
  class space    used 5273K, committed 5504K, reserved 1048576K
}
Event: 145.562 GC heap after
{Heap after GC invocations=560 (full 0):
 garbage-first heap   total 389120K, used 88638K [0x000000070a400000, 0x0000000800000000)
  region size 2048K, 1 young (2048K), 1 survivors (2048K)
 Metaspace       used 48443K, committed 48896K, reserved 1114112K
  class space    used 5273K, committed 5504K, reserved 1048576K
}
Event: 145.562 GC heap before
{Heap before GC invocations=560 (full 0):
 garbage-first heap   total 389120K, used 90686K [0x000000070a400000, 0x0000000800000000)
  region size 2048K, 2 young (4096K), 1 survivors (2048K)
 Metaspace       used 48443K, committed 48896K, reserved 1114112K
  class space    used 5273K, committed 5504K, reserved 1048576K
}
Event: 145.563 GC heap after
{Heap after GC invocations=561 (full 0):
 garbage-first heap   total 389120K, used 88576K [0x000000070a400000, 0x0000000800000000)
  region size 2048K, 1 young (2048K), 1 survivors (2048K)
 Metaspace       used 48443K, committed 48896K, reserved 1114112K
  class space    used 5273K, committed 5504K, reserved 1048576K
}
Event: 145.599 GC heap before
{Heap before GC invocations=561 (full 0):
 garbage-first heap   total 389120K, used 90624K [0x000000070a400000, 0x0000000800000000)
  region size 2048K, 2 young (4096K), 1 survivors (2048K)
 Metaspace       used 48443K, committed 48896K, reserved 1114112K
  class space    used 5273K, committed 5504K, reserved 1048576K
}
Event: 145.599 GC heap after
{Heap after GC invocations=562 (full 0):
 garbage-first heap   total 389120K, used 90692K [0x000000070a400000, 0x0000000800000000)
  region size 2048K, 1 young (2048K), 1 survivors (2048K)
 Metaspace       used 48443K, committed 48896K, reserved 1114112K
  class space    used 5273K, committed 5504K, reserved 1048576K
}
Event: 145.600 GC heap before
{Heap before GC invocations=562 (full 0):
 garbage-first heap   total 389120K, used 92740K [0x000000070a400000, 0x0000000800000000)
  region size 2048K, 2 young (4096K), 1 survivors (2048K)
 Metaspace       used 48443K, committed 48896K, reserved 1114112K
  class space    used 5273K, committed 5504K, reserved 1048576K
}
Event: 145.600 GC heap after
{Heap after GC invocations=563 (full 0):
 garbage-first heap   total 389120K, used 90620K [0x000000070a400000, 0x0000000800000000)
  region size 2048K, 1 young (2048K), 1 survivors (2048K)
 Metaspace       used 48443K, committed 48896K, reserved 1114112K
  class space    used 5273K, committed 5504K, reserved 1048576K
}

