# JRE version: OpenJDK Runtime Environment Temurin-17.0.7+7 (17.0.7+7) (build 17.0.7+7)
# Java VM: OpenJDK 64-Bit Server VM Temurin-17.0.7+7 (17.0.7+7, mixed mode, tiered, compressed oops, compressed class ptrs, g1 gc, windows-amd64)
GC Precious Log:
 CPUs: 4 total, 4 available
 Memory: 8075M
 Large Page Support: Disabled
 NUMA Support: Disabled
 Compressed Oops: Enabled (32-bit)
 Heap Region Size: 1M
 Heap Min Capacity: 8M
 Heap Initial Capacity: 128M
 Heap Max Capacity: 2020M
 Pre-touch: Disabled
 Parallel Workers: 4
 Concurrent Workers: 1
 Concurrent Refinement Workers: 4
 Periodic GC: Disabled
Heap:
 garbage-first heap   total 162816K, used 55320K [0x0000000081c00000, 0x0000000100000000)
  region size 1024K, 3 young (3072K), 1 survivors (1024K)
 Metaspace       used 32577K, committed 32896K, reserved 1114112K
  class space    used 4056K, committed 4224K, reserved 1048576K
GC Heap History (20 events):
Event: 44.702 GC heap before
{Heap before GC invocations=61 (full 0):
 garbage-first heap   total 162816K, used 73575K [0x0000000081c00000, 0x0000000100000000)
  region size 1024K, 4 young (4096K), 3 survivors (3072K)
 Metaspace       used 32396K, committed 32704K, reserved 1114112K
  class space    used 4054K, committed 4224K, reserved 1048576K
}
Event: 44.704 GC heap after
{Heap after GC invocations=62 (full 0):
 garbage-first heap   total 162816K, used 40709K [0x0000000081c00000, 0x0000000100000000)
  region size 1024K, 3 young (3072K), 3 survivors (3072K)
 Metaspace       used 32396K, committed 32704K, reserved 1114112K
  class space    used 4054K, committed 4224K, reserved 1048576K
}
Event: 45.559 GC heap before
{Heap before GC invocations=62 (full 0):
 garbage-first heap   total 162816K, used 74501K [0x0000000081c00000, 0x0000000100000000)
  region size 1024K, 5 young (5120K), 3 survivors (3072K)
 Metaspace       used 32434K, committed 32768K, reserved 1114112K
  class space    used 4054K, committed 4224K, reserved 1048576K
}
Event: 45.560 GC heap after
{Heap after GC invocations=63 (full 0):
 garbage-first heap   total 162816K, used 40820K [0x0000000081c00000, 0x0000000100000000)
  region size 1024K, 3 young (3072K), 3 survivors (3072K)
 Metaspace       used 32434K, committed 32768K, reserved 1114112K
  class space    used 4054K, committed 4224K, reserved 1048576K
}
Event: 46.386 GC heap before
{Heap before GC invocations=63 (full 0):
 garbage-first heap   total 162816K, used 74612K [0x0000000081c00000, 0x0000000100000000)
  region size 1024K, 5 young (5120K), 3 survivors (3072K)
 Metaspace       used 32453K, committed 32768K, reserved 1114112K
  class space    used 4054K, committed 4224K, reserved 1048576K
}
Event: 46.389 GC heap after
{Heap after GC invocations=64 (full 0):
 garbage-first heap   total 162816K, used 40829K [0x0000000081c00000, 0x0000000100000000)
  region size 1024K, 3 young (3072K), 3 survivors (3072K)
 Metaspace       used 32453K, committed 32768K, reserved 1114112K
  class space    used 4054K, committed 4224K, reserved 1048576K
}
Event: 47.300 GC heap before
{Heap before GC invocations=64 (full 0):
 garbage-first heap   total 162816K, used 74621K [0x0000000081c00000, 0x0000000100000000)
  region size 1024K, 5 young (5120K), 3 survivors (3072K)
 Metaspace       used 32486K, committed 32768K, reserved 1114112K
  class space    used 4055K, committed 4224K, reserved 1048576K
}
Event: 47.303 GC heap after
{Heap after GC invocations=65 (full 0):
 garbage-first heap   total 162816K, used 40936K [0x0000000081c00000, 0x0000000100000000)
  region size 1024K, 3 young (3072K), 3 survivors (3072K)
 Metaspace       used 32486K, committed 32768K, reserved 1114112K
  class space    used 4055K, committed 4224K, reserved 1048576K
}
Event: 48.175 GC heap before
{Heap before GC invocations=65 (full 0):
 garbage-first heap   total 162816K, used 74728K [0x0000000081c00000, 0x0000000100000000)
  region size 1024K, 5 young (5120K), 3 survivors (3072K)
 Metaspace       used 32492K, committed 32768K, reserved 1114112K
  class space    used 4056K, committed 4224K, reserved 1048576K
}
Event: 48.177 GC heap after
{Heap after GC invocations=66 (full 0):
 garbage-first heap   total 162816K, used 40938K [0x0000000081c00000, 0x0000000100000000)
  region size 1024K, 3 young (3072K), 3 survivors (3072K)
 Metaspace       used 32492K, committed 32768K, reserved 1114112K
  class space    used 4056K, committed 4224K, reserved 1048576K
}
Event: 48.965 GC heap before
{Heap before GC invocations=66 (full 0):
 garbage-first heap   total 162816K, used 73706K [0x0000000081c00000, 0x0000000100000000)
  region size 1024K, 4 young (4096K), 3 survivors (3072K)
 Metaspace       used 32492K, committed 32768K, reserved 1114112K
  class space    used 4056K, committed 4224K, reserved 1048576K
}
Event: 48.967 GC heap after
{Heap after GC invocations=67 (full 0):
 garbage-first heap   total 162816K, used 40945K [0x0000000081c00000, 0x0000000100000000)
  region size 1024K, 3 young (3072K), 3 survivors (3072K)
 Metaspace       used 32492K, committed 32768K, reserved 1114112K
  class space    used 4056K, committed 4224K, reserved 1048576K
}
Event: 49.954 GC heap before
{Heap before GC invocations=67 (full 0):
 garbage-first heap   total 162816K, used 74737K [0x0000000081c00000, 0x0000000100000000)
  region size 1024K, 5 young (5120K), 3 survivors (3072K)
 Metaspace       used 32519K, committed 32768K, reserved 1114112K
  class space    used 4056K, committed 4224K, reserved 1048576K
}
Event: 49.956 GC heap after
{Heap after GC invocations=68 (full 0):
 garbage-first heap   total 162816K, used 40927K [0x0000000081c00000, 0x0000000100000000)
  region size 1024K, 2 young (2048K), 2 survivors (2048K)
 Metaspace       used 32519K, committed 32768K, reserved 1114112K
  class space    used 4056K, committed 4224K, reserved 1048576K
}
Event: 50.898 GC heap before
{Heap before GC invocations=68 (full 0):
 garbage-first heap   total 162816K, used 75743K [0x0000000081c00000, 0x0000000100000000)
  region size 1024K, 5 young (5120K), 2 survivors (2048K)
 Metaspace       used 32536K, committed 32896K, reserved 1114112K
  class space    used 4056K, committed 4224K, reserved 1048576K
}
Event: 50.899 GC heap after
{Heap after GC invocations=69 (full 0):
 garbage-first heap   total 162816K, used 40942K [0x0000000081c00000, 0x0000000100000000)
  region size 1024K, 2 young (2048K), 2 survivors (2048K)
 Metaspace       used 32536K, committed 32896K, reserved 1114112K
  class space    used 4056K, committed 4224K, reserved 1048576K
}
Event: 51.487 GC heap before
{Heap before GC invocations=69 (full 0):
 garbage-first heap   total 162816K, used 73710K [0x0000000081c00000, 0x0000000100000000)
  region size 1024K, 4 young (4096K), 2 survivors (2048K)
 Metaspace       used 32541K, committed 32896K, reserved 1114112K
  class space    used 4056K, committed 4224K, reserved 1048576K
}
Event: 51.488 GC heap after
{Heap after GC invocations=70 (full 0):
 garbage-first heap   total 162816K, used 44042K [0x0000000081c00000, 0x0000000100000000)
  region size 1024K, 2 young (2048K), 2 survivors (2048K)
 Metaspace       used 32541K, committed 32896K, reserved 1114112K
  class space    used 4056K, committed 4224K, reserved 1048576K
}
Event: 52.149 GC heap before
{Heap before GC invocations=70 (full 0):
 garbage-first heap   total 162816K, used 73738K [0x0000000081c00000, 0x0000000100000000)
  region size 1024K, 4 young (4096K), 2 survivors (2048K)
 Metaspace       used 32561K, committed 32896K, reserved 1114112K
  class space    used 4056K, committed 4224K, reserved 1048576K
}
Event: 52.150 GC heap after
{Heap after GC invocations=71 (full 0):
 garbage-first heap   total 162816K, used 48152K [0x0000000081c00000, 0x0000000100000000)
  region size 1024K, 1 young (1024K), 1 survivors (1024K)
 Metaspace       used 32561K, committed 32896K, reserved 1114112K
  class space    used 4056K, committed 4224K, reserved 1048576K
}

