# JRE version: OpenJDK Runtime Environment Temurin-20.0.2+9 (20.0.2+9) (build 20.0.2+9)
# Java VM: OpenJDK 64-Bit Server VM Temurin-20.0.2+9 (20.0.2+9, mixed mode, tiered, compressed oops, compressed class ptrs, g1 gc, windows-amd64)
GC Precious Log:
 CardTable entry size: 512
 Card Set container configuration: InlinePtr #cards 4 size 8 Array Of Cards #cards 16 size 48 Howl #buckets 8 coarsen threshold 3686 Howl Bitmap #cards 512 size 80 coarsen threshold 460 Card regions per heap region 1 cards per card region 4096
 CPUs: 16 total, 16 available
 Memory: 15724M
 Large Page Support: Disabled
 NUMA Support: Disabled
 Compressed Oops: Enabled (Zero based)
 Heap Region Size: 2M
 Heap Min Capacity: 8M
 Heap Initial Capacity: 246M
 Heap Max Capacity: 3932M
 Pre-touch: Disabled
 Parallel Workers: 13
 Concurrent Workers: 3
 Concurrent Refinement Workers: 13
 Periodic GC: Disabled
Heap:
 garbage-first heap   total 208896K, used 88349K [0x000000070a400000, 0x0000000800000000)
  region size 2048K, 2 young (4096K), 1 survivors (2048K)
 Metaspace       used 45093K, committed 45504K, reserved 1114112K
  class space    used 5275K, committed 5440K, reserved 1048576K
GC Heap History (20 events):
Event: 9.365 GC heap before
{Heap before GC invocations=20 (full 0):
 garbage-first heap   total 208896K, used 96351K [0x000000070a400000, 0x0000000800000000)
  region size 2048K, 3 young (6144K), 1 survivors (2048K)
 Metaspace       used 43096K, committed 43520K, reserved 1114112K
  class space    used 5177K, committed 5376K, reserved 1048576K
}
Event: 9.365 GC heap after
{Heap after GC invocations=21 (full 0):
 garbage-first heap   total 208896K, used 73824K [0x000000070a400000, 0x0000000800000000)
  region size 2048K, 1 young (2048K), 1 survivors (2048K)
 Metaspace       used 43096K, committed 43520K, reserved 1114112K
  class space    used 5177K, committed 5376K, reserved 1048576K
}
Event: 9.669 GC heap before
{Heap before GC invocations=21 (full 0):
 garbage-first heap   total 208896K, used 98400K [0x000000070a400000, 0x0000000800000000)
  region size 2048K, 4 young (8192K), 1 survivors (2048K)
 Metaspace       used 43100K, committed 43520K, reserved 1114112K
  class space    used 5177K, committed 5376K, reserved 1048576K
}
Event: 9.670 GC heap after
{Heap after GC invocations=22 (full 0):
 garbage-first heap   total 208896K, used 73835K [0x000000070a400000, 0x0000000800000000)
  region size 2048K, 1 young (2048K), 1 survivors (2048K)
 Metaspace       used 43100K, committed 43520K, reserved 1114112K
  class space    used 5177K, committed 5376K, reserved 1048576K
}
Event: 9.957 GC heap before
{Heap before GC invocations=22 (full 0):
 garbage-first heap   total 208896K, used 96363K [0x000000070a400000, 0x0000000800000000)
  region size 2048K, 3 young (6144K), 1 survivors (2048K)
 Metaspace       used 43153K, committed 43520K, reserved 1114112K
  class space    used 5177K, committed 5376K, reserved 1048576K
}
Event: 9.957 GC heap after
{Heap after GC invocations=23 (full 0):
 garbage-first heap   total 208896K, used 73825K [0x000000070a400000, 0x0000000800000000)
  region size 2048K, 1 young (2048K), 1 survivors (2048K)
 Metaspace       used 43153K, committed 43520K, reserved 1114112K
  class space    used 5177K, committed 5376K, reserved 1048576K
}
Event: 10.260 GC heap before
{Heap before GC invocations=23 (full 0):
 garbage-first heap   total 208896K, used 98401K [0x000000070a400000, 0x0000000800000000)
  region size 2048K, 4 young (8192K), 1 survivors (2048K)
 Metaspace       used 43177K, committed 43584K, reserved 1114112K
  class space    used 5177K, committed 5376K, reserved 1048576K
}
Event: 10.261 GC heap after
{Heap after GC invocations=24 (full 0):
 garbage-first heap   total 208896K, used 73837K [0x000000070a400000, 0x0000000800000000)
  region size 2048K, 1 young (2048K), 1 survivors (2048K)
 Metaspace       used 43177K, committed 43584K, reserved 1114112K
  class space    used 5177K, committed 5376K, reserved 1048576K
}
Event: 10.565 GC heap before
{Heap before GC invocations=24 (full 0):
 garbage-first heap   total 208896K, used 96365K [0x000000070a400000, 0x0000000800000000)
  region size 2048K, 3 young (6144K), 1 survivors (2048K)
 Metaspace       used 43200K, committed 43584K, reserved 1114112K
  class space    used 5182K, committed 5376K, reserved 1048576K
}
Event: 10.565 GC heap after
{Heap after GC invocations=25 (full 0):
 garbage-first heap   total 208896K, used 73840K [0x000000070a400000, 0x0000000800000000)
  region size 2048K, 1 young (2048K), 1 survivors (2048K)
 Metaspace       used 43200K, committed 43584K, reserved 1114112K
  class space    used 5182K, committed 5376K, reserved 1048576K
}
Event: 10.869 GC heap before
{Heap before GC invocations=25 (full 0):
 garbage-first heap   total 208896K, used 96368K [0x000000070a400000, 0x0000000800000000)
  region size 2048K, 3 young (6144K), 1 survivors (2048K)
 Metaspace       used 43202K, committed 43584K, reserved 1114112K
  class space    used 5182K, committed 5376K, reserved 1048576K
}
Event: 10.869 GC heap after
{Heap after GC invocations=26 (full 0):
 garbage-first heap   total 208896K, used 73849K [0x000000070a400000, 0x0000000800000000)
  region size 2048K, 1 young (2048K), 1 survivors (2048K)
 Metaspace       used 43202K, committed 43584K, reserved 1114112K
  class space    used 5182K, committed 5376K, reserved 1048576K
}
Event: 11.173 GC heap before
{Heap before GC invocations=26 (full 0):
 garbage-first heap   total 208896K, used 96377K [0x000000070a400000, 0x0000000800000000)
  region size 2048K, 3 young (6144K), 1 survivors (2048K)
 Metaspace       used 43210K, committed 43584K, reserved 1114112K
  class space    used 5182K, committed 5376K, reserved 1048576K
}
Event: 11.173 GC heap after
{Heap after GC invocations=27 (full 0):
 garbage-first heap   total 208896K, used 73848K [0x000000070a400000, 0x0000000800000000)
  region size 2048K, 1 young (2048K), 1 survivors (2048K)
 Metaspace       used 43210K, committed 43584K, reserved 1114112K
  class space    used 5182K, committed 5376K, reserved 1048576K
}
Event: 11.461 GC heap before
{Heap before GC invocations=27 (full 0):
 garbage-first heap   total 208896K, used 96376K [0x000000070a400000, 0x0000000800000000)
  region size 2048K, 3 young (6144K), 1 survivors (2048K)
 Metaspace       used 43231K, committed 43648K, reserved 1114112K
  class space    used 5182K, committed 5376K, reserved 1048576K
}
Event: 11.461 GC heap after
{Heap after GC invocations=28 (full 0):
 garbage-first heap   total 208896K, used 73858K [0x000000070a400000, 0x0000000800000000)
  region size 2048K, 1 young (2048K), 1 survivors (2048K)
 Metaspace       used 43231K, committed 43648K, reserved 1114112K
  class space    used 5182K, committed 5376K, reserved 1048576K
}
Event: 11.765 GC heap before
{Heap before GC invocations=28 (full 0):
 garbage-first heap   total 208896K, used 96386K [0x000000070a400000, 0x0000000800000000)
  region size 2048K, 4 young (8192K), 1 survivors (2048K)
 Metaspace       used 44537K, committed 44928K, reserved 1114112K
  class space    used 5186K, committed 5376K, reserved 1048576K
}
Event: 11.765 GC heap after
{Heap after GC invocations=29 (full 0):
 garbage-first heap   total 208896K, used 73915K [0x000000070a400000, 0x0000000800000000)
  region size 2048K, 1 young (2048K), 1 survivors (2048K)
 Metaspace       used 44537K, committed 44928K, reserved 1114112K
  class space    used 5186K, committed 5376K, reserved 1048576K
}
Event: 12.005 GC heap before
{Heap before GC invocations=29 (full 0):
 garbage-first heap   total 208896K, used 98491K [0x000000070a400000, 0x0000000800000000)
  region size 2048K, 5 young (10240K), 1 survivors (2048K)
 Metaspace       used 45092K, committed 45504K, reserved 1114112K
  class space    used 5275K, committed 5440K, reserved 1048576K
}
Event: 12.005 GC heap after
{Heap after GC invocations=30 (full 0):
 garbage-first heap   total 208896K, used 82205K [0x000000070a400000, 0x0000000800000000)
  region size 2048K, 1 young (2048K), 1 survivors (2048K)
 Metaspace       used 45092K, committed 45504K, reserved 1114112K
  class space    used 5275K, committed 5440K, reserved 1048576K
}

