# JRE version: OpenJDK Runtime Environment Temurin-20.0.2+9 (20.0.2+9) (build 20.0.2+9)
# Java VM: OpenJDK 64-Bit Server VM Temurin-20.0.2+9 (20.0.2+9, mixed mode, tiered, compressed oops, compressed class ptrs, g1 gc, windows-amd64)
GC Precious Log:
 CardTable entry size: 512
 Card Set container configuration: InlinePtr #cards 4 size 8 Array Of Cards #cards 16 size 48 Howl #buckets 8 coarsen threshold 3686 Howl Bitmap #cards 512 size 80 coarsen threshold 460 Card regions per heap region 1 cards per card region 4096
 CPUs: 16 total, 16 available
 Memory: 15724M
 Large Page Support: Disabled
 NUMA Support: Disabled
 Compressed Oops: Enabled (Zero based)
 Heap Region Size: 2M
 Heap Min Capacity: 8M
 Heap Initial Capacity: 246M
 Heap Max Capacity: 3932M
 Pre-touch: Disabled
 Parallel Workers: 13
 Concurrent Workers: 3
 Concurrent Refinement Workers: 13
 Periodic GC: Disabled
Heap:
 garbage-first heap   total 233472K, used 133241K [0x000000070a400000, 0x0000000800000000)
  region size 2048K, 3 young (6144K), 2 survivors (4096K)
 Metaspace       used 42514K, committed 42944K, reserved 1114112K
  class space    used 5129K, committed 5376K, reserved 1048576K
GC Heap History (18 events):
Event: 0.382 GC heap before
{Heap before GC invocations=0 (full 0):
 garbage-first heap   total 251904K, used 22528K [0x000000070a400000, 0x0000000800000000)
  region size 2048K, 11 young (22528K), 0 survivors (0K)
 Metaspace       used 11659K, committed 11840K, reserved 1114112K
  class space    used 1126K, committed 1216K, reserved 1048576K
}
Event: 0.384 GC heap after
{Heap after GC invocations=1 (full 0):
 garbage-first heap   total 251904K, used 3229K [0x000000070a400000, 0x0000000800000000)
  region size 2048K, 2 young (4096K), 2 survivors (4096K)
 Metaspace       used 11659K, committed 11840K, reserved 1114112K
  class space    used 1126K, committed 1216K, reserved 1048576K
}
Event: 0.677 GC heap before
{Heap before GC invocations=1 (full 0):
 garbage-first heap   total 251904K, used 21661K [0x000000070a400000, 0x0000000800000000)
  region size 2048K, 13 young (26624K), 2 survivors (4096K)
 Metaspace       used 21243K, committed 21504K, reserved 1114112K
  class space    used 2224K, committed 2368K, reserved 1048576K
}
Event: 0.679 GC heap after
{Heap after GC invocations=2 (full 0):
 garbage-first heap   total 251904K, used 6563K [0x000000070a400000, 0x0000000800000000)
  region size 2048K, 3 young (6144K), 3 survivors (6144K)
 Metaspace       used 21243K, committed 21504K, reserved 1114112K
  class space    used 2224K, committed 2368K, reserved 1048576K
}
Event: 1.090 GC heap before
{Heap before GC invocations=3 (full 0):
 garbage-first heap   total 59392K, used 55715K [0x000000070a400000, 0x0000000800000000)
  region size 2048K, 15 young (30720K), 3 survivors (6144K)
 Metaspace       used 26990K, committed 27328K, reserved 1114112K
  class space    used 3207K, committed 3392K, reserved 1048576K
}
Event: 1.094 GC heap after
{Heap after GC invocations=4 (full 0):
 garbage-first heap   total 73728K, used 38535K [0x000000070a400000, 0x0000000800000000)
  region size 2048K, 5 young (10240K), 5 survivors (10240K)
 Metaspace       used 26990K, committed 27328K, reserved 1114112K
  class space    used 3207K, committed 3392K, reserved 1048576K
}
Event: 1.224 GC heap before
{Heap before GC invocations=4 (full 0):
 garbage-first heap   total 73728K, used 61063K [0x000000070a400000, 0x0000000800000000)
  region size 2048K, 12 young (24576K), 5 survivors (10240K)
 Metaspace       used 29271K, committed 29632K, reserved 1114112K
  class space    used 3770K, committed 3968K, reserved 1048576K
}
Event: 1.227 GC heap after
{Heap after GC invocations=5 (full 0):
 garbage-first heap   total 77824K, used 50139K [0x000000070a400000, 0x0000000800000000)
  region size 2048K, 2 young (4096K), 2 survivors (4096K)
 Metaspace       used 29271K, committed 29632K, reserved 1114112K
  class space    used 3770K, committed 3968K, reserved 1048576K
}
Event: 1.363 GC heap before
{Heap before GC invocations=5 (full 0):
 garbage-first heap   total 77824K, used 56283K [0x000000070a400000, 0x0000000800000000)
  region size 2048K, 7 young (14336K), 2 survivors (4096K)
 Metaspace       used 31104K, committed 31488K, reserved 1114112K
  class space    used 3974K, committed 4160K, reserved 1048576K
}
Event: 1.364 GC heap after
{Heap after GC invocations=6 (full 0):
 garbage-first heap   total 77824K, used 51031K [0x000000070a400000, 0x0000000800000000)
  region size 2048K, 1 young (2048K), 1 survivors (2048K)
 Metaspace       used 31104K, committed 31488K, reserved 1114112K
  class space    used 3974K, committed 4160K, reserved 1048576K
}
Event: 4.185 GC heap before
{Heap before GC invocations=7 (full 0):
 garbage-first heap   total 96256K, used 69463K [0x000000070a400000, 0x0000000800000000)
  region size 2048K, 8 young (16384K), 1 survivors (2048K)
 Metaspace       used 33205K, committed 33664K, reserved 1114112K
  class space    used 4130K, committed 4352K, reserved 1048576K
}
Event: 4.186 GC heap after
{Heap after GC invocations=8 (full 0):
 garbage-first heap   total 96256K, used 53654K [0x000000070a400000, 0x0000000800000000)
  region size 2048K, 1 young (2048K), 1 survivors (2048K)
 Metaspace       used 33205K, committed 33664K, reserved 1114112K
  class space    used 4130K, committed 4352K, reserved 1048576K
}
Event: 5.795 GC heap before
{Heap before GC invocations=8 (full 0):
 garbage-first heap   total 96256K, used 78230K [0x000000070a400000, 0x0000000800000000)
  region size 2048K, 14 young (28672K), 1 survivors (2048K)
 Metaspace       used 41898K, committed 42304K, reserved 1114112K
  class space    used 5082K, committed 5248K, reserved 1048576K
}
Event: 5.797 GC heap after
{Heap after GC invocations=9 (full 0):
 garbage-first heap   total 96256K, used 56399K [0x000000070a400000, 0x0000000800000000)
  region size 2048K, 2 young (4096K), 2 survivors (4096K)
 Metaspace       used 41898K, committed 42304K, reserved 1114112K
  class space    used 5082K, committed 5248K, reserved 1048576K
}
Event: 5.843 GC heap before
{Heap before GC invocations=9 (full 0):
 garbage-first heap   total 96256K, used 58447K [0x000000070a400000, 0x0000000800000000)
  region size 2048K, 4 young (8192K), 2 survivors (4096K)
 Metaspace       used 42320K, committed 42752K, reserved 1114112K
  class space    used 5120K, committed 5312K, reserved 1048576K
}
Event: 5.844 GC heap after
{Heap after GC invocations=10 (full 0):
 garbage-first heap   total 96256K, used 59459K [0x000000070a400000, 0x0000000800000000)
  region size 2048K, 2 young (4096K), 2 survivors (4096K)
 Metaspace       used 42320K, committed 42752K, reserved 1114112K
  class space    used 5120K, committed 5312K, reserved 1048576K
}
Event: 7.640 GC heap before
{Heap before GC invocations=11 (full 0):
 garbage-first heap   total 190464K, used 188483K [0x000000070a400000, 0x0000000800000000)
  region size 2048K, 3 young (6144K), 2 survivors (4096K)
 Metaspace       used 42502K, committed 42944K, reserved 1114112K
  class space    used 5129K, committed 5376K, reserved 1048576K
}
Event: 7.641 GC heap after
{Heap after GC invocations=12 (full 0):
 garbage-first heap   total 233472K, used 125049K [0x000000070a400000, 0x0000000800000000)
  region size 2048K, 2 young (4096K), 2 survivors (4096K)
 Metaspace       used 42502K, committed 42944K, reserved 1114112K
  class space    used 5129K, committed 5376K, reserved 1048576K
}

