# JRE version: OpenJDK Runtime Environment Temurin-17.0.7+7 (17.0.7+7) (build 17.0.7+7)
# Java VM: OpenJDK 64-Bit Server VM Temurin-17.0.7+7 (17.0.7+7, mixed mode, tiered, compressed oops, compressed class ptrs, g1 gc, windows-amd64)
GC Precious Log:
 CPUs: 4 total, 4 available
 Memory: 8075M
 Large Page Support: Disabled
 NUMA Support: Disabled
 Compressed Oops: Enabled (32-bit)
 Heap Region Size: 1M
 Heap Min Capacity: 8M
 Heap Initial Capacity: 128M
 Heap Max Capacity: 2020M
 Pre-touch: Disabled
 Parallel Workers: 4
 Concurrent Workers: 1
 Concurrent Refinement Workers: 4
 Periodic GC: Disabled
Heap:
 garbage-first heap   total 563200K, used 333063K [0x0000000081c00000, 0x0000000100000000)
  region size 1024K, 3 young (3072K), 1 survivors (1024K)
 Metaspace       used 36541K, committed 36800K, reserved 1114112K
  class space    used 4488K, committed 4608K, reserved 1048576K
GC Heap History (20 events):
Event: 51.888 GC heap before
{Heap before GC invocations=440 (full 0):
 garbage-first heap   total 534528K, used 317668K [0x0000000081c00000, 0x0000000100000000)
  region size 1024K, 2 young (2048K), 1 survivors (1024K)
 Metaspace       used 36535K, committed 36800K, reserved 1114112K
  class space    used 4488K, committed 4608K, reserved 1048576K
}
Event: 51.889 GC heap after
{Heap after GC invocations=441 (full 0):
 garbage-first heap   total 534528K, used 315622K [0x0000000081c00000, 0x0000000100000000)
  region size 1024K, 1 young (1024K), 1 survivors (1024K)
 Metaspace       used 36535K, committed 36800K, reserved 1114112K
  class space    used 4488K, committed 4608K, reserved 1048576K
}
Event: 51.999 GC heap before
{Heap before GC invocations=442 (full 0):
 garbage-first heap   total 537600K, used 319718K [0x0000000081c00000, 0x0000000100000000)
  region size 1024K, 2 young (2048K), 1 survivors (1024K)
 Metaspace       used 36535K, committed 36800K, reserved 1114112K
  class space    used 4488K, committed 4608K, reserved 1048576K
}
Event: 52.000 GC heap after
{Heap after GC invocations=443 (full 0):
 garbage-first heap   total 537600K, used 317671K [0x0000000081c00000, 0x0000000100000000)
  region size 1024K, 1 young (1024K), 1 survivors (1024K)
 Metaspace       used 36535K, committed 36800K, reserved 1114112K
  class space    used 4488K, committed 4608K, reserved 1048576K
}
Event: 52.080 GC heap before
{Heap before GC invocations=444 (full 0):
 garbage-first heap   total 541696K, used 321767K [0x0000000081c00000, 0x0000000100000000)
  region size 1024K, 2 young (2048K), 1 survivors (1024K)
 Metaspace       used 36535K, committed 36800K, reserved 1114112K
  class space    used 4488K, committed 4608K, reserved 1048576K
}
Event: 52.081 GC heap after
{Heap after GC invocations=445 (full 0):
 garbage-first heap   total 541696K, used 319727K [0x0000000081c00000, 0x0000000100000000)
  region size 1024K, 1 young (1024K), 1 survivors (1024K)
 Metaspace       used 36535K, committed 36800K, reserved 1114112K
  class space    used 4488K, committed 4608K, reserved 1048576K
}
Event: 52.186 GC heap before
{Heap before GC invocations=446 (full 0):
 garbage-first heap   total 544768K, used 323823K [0x0000000081c00000, 0x0000000100000000)
  region size 1024K, 2 young (2048K), 1 survivors (1024K)
 Metaspace       used 36535K, committed 36800K, reserved 1114112K
  class space    used 4488K, committed 4608K, reserved 1048576K
}
Event: 52.186 GC heap after
{Heap after GC invocations=447 (full 0):
 garbage-first heap   total 544768K, used 321776K [0x0000000081c00000, 0x0000000100000000)
  region size 1024K, 1 young (1024K), 1 survivors (1024K)
 Metaspace       used 36535K, committed 36800K, reserved 1114112K
  class space    used 4488K, committed 4608K, reserved 1048576K
}
Event: 52.289 GC heap before
{Heap before GC invocations=448 (full 0):
 garbage-first heap   total 547840K, used 325872K [0x0000000081c00000, 0x0000000100000000)
  region size 1024K, 2 young (2048K), 1 survivors (1024K)
 Metaspace       used 36535K, committed 36800K, reserved 1114112K
  class space    used 4488K, committed 4608K, reserved 1048576K
}
Event: 52.290 GC heap after
{Heap after GC invocations=449 (full 0):
 garbage-first heap   total 547840K, used 323826K [0x0000000081c00000, 0x0000000100000000)
  region size 1024K, 1 young (1024K), 1 survivors (1024K)
 Metaspace       used 36535K, committed 36800K, reserved 1114112K
  class space    used 4488K, committed 4608K, reserved 1048576K
}
Event: 52.380 GC heap before
{Heap before GC invocations=450 (full 0):
 garbage-first heap   total 551936K, used 327922K [0x0000000081c00000, 0x0000000100000000)
  region size 1024K, 2 young (2048K), 1 survivors (1024K)
 Metaspace       used 36535K, committed 36800K, reserved 1114112K
  class space    used 4488K, committed 4608K, reserved 1048576K
}
Event: 52.381 GC heap after
{Heap after GC invocations=451 (full 0):
 garbage-first heap   total 551936K, used 325879K [0x0000000081c00000, 0x0000000100000000)
  region size 1024K, 1 young (1024K), 1 survivors (1024K)
 Metaspace       used 36535K, committed 36800K, reserved 1114112K
  class space    used 4488K, committed 4608K, reserved 1048576K
}
Event: 52.493 GC heap before
{Heap before GC invocations=452 (full 0):
 garbage-first heap   total 555008K, used 329975K [0x0000000081c00000, 0x0000000100000000)
  region size 1024K, 2 young (2048K), 1 survivors (1024K)
 Metaspace       used 36535K, committed 36800K, reserved 1114112K
  class space    used 4488K, committed 4608K, reserved 1048576K
}
Event: 52.494 GC heap after
{Heap after GC invocations=453 (full 0):
 garbage-first heap   total 555008K, used 327925K [0x0000000081c00000, 0x0000000100000000)
  region size 1024K, 1 young (1024K), 1 survivors (1024K)
 Metaspace       used 36535K, committed 36800K, reserved 1114112K
  class space    used 4488K, committed 4608K, reserved 1048576K
}
Event: 52.609 GC heap before
{Heap before GC invocations=454 (full 0):
 garbage-first heap   total 558080K, used 332021K [0x0000000081c00000, 0x0000000100000000)
  region size 1024K, 2 young (2048K), 1 survivors (1024K)
 Metaspace       used 36535K, committed 36800K, reserved 1114112K
  class space    used 4488K, committed 4608K, reserved 1048576K
}
Event: 52.610 GC heap after
{Heap after GC invocations=455 (full 0):
 garbage-first heap   total 558080K, used 329978K [0x0000000081c00000, 0x0000000100000000)
  region size 1024K, 1 young (1024K), 1 survivors (1024K)
 Metaspace       used 36535K, committed 36800K, reserved 1114112K
  class space    used 4488K, committed 4608K, reserved 1048576K
}
Event: 52.710 GC heap before
{Heap before GC invocations=456 (full 0):
 garbage-first heap   total 563200K, used 335098K [0x0000000081c00000, 0x0000000100000000)
  region size 1024K, 3 young (3072K), 1 survivors (1024K)
 Metaspace       used 36535K, committed 36800K, reserved 1114112K
  class space    used 4488K, committed 4608K, reserved 1048576K
}
Event: 52.711 GC heap after
{Heap after GC invocations=457 (full 0):
 garbage-first heap   total 563200K, used 332034K [0x0000000081c00000, 0x0000000100000000)
  region size 1024K, 1 young (1024K), 1 survivors (1024K)
 Metaspace       used 36535K, committed 36800K, reserved 1114112K
  class space    used 4488K, committed 4608K, reserved 1048576K
}
Event: 52.818 GC heap before
{Heap before GC invocations=458 (full 0):
 garbage-first heap   total 563200K, used 329986K [0x0000000081c00000, 0x0000000100000000)
  region size 1024K, 2 young (2048K), 1 survivors (1024K)
 Metaspace       used 36535K, committed 36800K, reserved 1114112K
  class space    used 4488K, committed 4608K, reserved 1048576K
}
Event: 52.819 GC heap after
{Heap after GC invocations=459 (full 0):
 garbage-first heap   total 563200K, used 327943K [0x0000000081c00000, 0x0000000100000000)
  region size 1024K, 1 young (1024K), 1 survivors (1024K)
 Metaspace       used 36535K, committed 36800K, reserved 1114112K
  class space    used 4488K, committed 4608K, reserved 1048576K
}

